[2025-09-07 14:18:50,615: INFO: main: Welcome to my custom log]
[2025-09-07 18:25:59,659: INFO: main: Welcome to my custom log]
[2025-09-07 20:21:41,914: INFO: common: yaml file: config/config.yaml loaded successfully]
[2025-09-07 20:21:41,916: INFO: common: yaml file: params.yaml loaded successfully]
[2025-09-07 20:21:41,917: INFO: common: created directory at: artifacts]
[2025-09-07 20:21:41,918: INFO: common: created directory at: artifacts/data_ingestion]
[2025-09-07 20:21:43,395: INFO: 4037744573: artifacts/data_ingestion/data.zip download! with following info: 
Connection: close
Content-Length: 11616915
Cache-Control: max-age=300
Content-Security-Policy: default-src 'none'; style-src 'unsafe-inline'; sandbox
Content-Type: application/zip
ETag: "adf745abc03891fe493c3be264ec012691fe3fa21d861f35a27edbe6d86a76b1"
Strict-Transport-Security: max-age=31536000
X-Content-Type-Options: nosniff
X-Frame-Options: deny
X-XSS-Protection: 1; mode=block
X-GitHub-Request-Id: B074:2E2994:1246D06:1830E39:68BE2FA6
Accept-Ranges: bytes
Date: Mon, 08 Sep 2025 01:21:42 GMT
Via: 1.1 varnish
X-Served-By: cache-dfw-kdfw8210112-DFW
X-Cache: MISS
X-Cache-Hits: 0
X-Timer: S1757294502.280060,VS0,VE319
Vary: Authorization,Accept-Encoding
Access-Control-Allow-Origin: *
Cross-Origin-Resource-Policy: cross-origin
X-Fastly-Request-ID: 7561ead7b936ddc0b23f116d5512e99bf03d108c
Expires: Mon, 08 Sep 2025 01:26:42 GMT
Source-Age: 0

]
[2025-09-07 20:22:17,105: INFO: common: yaml file: config/config.yaml loaded successfully]
[2025-09-07 20:22:17,108: INFO: common: yaml file: params.yaml loaded successfully]
[2025-09-07 20:22:17,109: INFO: common: created directory at: artifacts]
[2025-09-07 20:22:17,110: INFO: common: created directory at: artifacts/data_ingestion]
[2025-09-07 20:22:17,111: INFO: 4037744573: File already exists of size: ~ 11345 KB]
[2025-09-07 20:34:48,160: INFO: common: yaml file: config/config.yaml loaded successfully]
[2025-09-07 20:34:48,161: INFO: common: yaml file: params.yaml loaded successfully]
[2025-09-07 20:34:48,162: INFO: common: created directory at: artifacts]
[2025-09-07 20:34:48,163: INFO: common: created directory at: artifacts/data_ingestion]
[2025-09-07 20:34:48,164: INFO: 4037744573: File already exists of size: ~ 11345 KB]
[2025-09-07 20:58:26,681: INFO: main: Welcome to my custom log]
[2025-09-07 21:58:17,802: INFO: utils: NumExpr defaulting to 8 threads.]
[2025-09-07 21:58:57,811: INFO: common: yaml file: config/config.yaml loaded successfully]
[2025-09-07 21:58:57,812: INFO: common: yaml file: params.yaml loaded successfully]
[2025-09-07 21:58:57,813: INFO: common: created directory at: artifacts]
[2025-09-07 21:58:57,814: INFO: common: created directory at: artifacts/prepare_base_model]
[2025-09-07 22:02:05,311: INFO: common: yaml file: config/config.yaml loaded successfully]
[2025-09-07 22:02:05,314: INFO: common: yaml file: params.yaml loaded successfully]
[2025-09-07 22:02:05,315: INFO: common: created directory at: artifacts]
[2025-09-07 22:02:05,316: INFO: common: created directory at: artifacts/data_ingestion]
[2025-09-07 22:02:05,316: INFO: 4037744573: File already exists of size: ~ 11345 KB]
[2025-09-07 22:03:14,372: INFO: common: yaml file: config/config.yaml loaded successfully]
[2025-09-07 22:03:14,374: INFO: common: yaml file: params.yaml loaded successfully]
[2025-09-07 22:03:14,376: INFO: common: created directory at: artifacts]
[2025-09-07 22:03:14,377: INFO: common: created directory at: artifacts/prepare_base_model]
[2025-09-07 22:06:54,881: INFO: common: yaml file: config/config.yaml loaded successfully]
[2025-09-07 22:06:54,882: INFO: common: yaml file: params.yaml loaded successfully]
[2025-09-07 22:06:54,883: INFO: common: created directory at: artifacts]
[2025-09-07 22:06:54,883: INFO: common: created directory at: artifacts/prepare_base_model]
[2025-09-07 22:15:23,819: INFO: common: yaml file: config/config.yaml loaded successfully]
[2025-09-07 22:15:23,821: INFO: common: yaml file: params.yaml loaded successfully]
[2025-09-07 22:15:23,822: INFO: common: created directory at: artifacts]
[2025-09-07 22:15:23,823: INFO: common: created directory at: artifacts/prepare_base_model]
[2025-09-07 22:15:25,133: INFO: common: yaml file: config/config.yaml loaded successfully]
[2025-09-07 22:15:25,134: INFO: common: yaml file: params.yaml loaded successfully]
[2025-09-07 22:15:25,136: INFO: common: created directory at: artifacts]
[2025-09-07 22:15:25,137: INFO: common: created directory at: artifacts/prepare_base_model]
[2025-09-07 22:15:26,149: INFO: common: yaml file: config/config.yaml loaded successfully]
[2025-09-07 22:15:26,152: INFO: common: yaml file: params.yaml loaded successfully]
[2025-09-07 22:15:26,153: INFO: common: created directory at: artifacts]
[2025-09-07 22:15:26,154: INFO: common: created directory at: artifacts/prepare_base_model]
[2025-09-07 22:15:26,979: INFO: common: yaml file: config/config.yaml loaded successfully]
[2025-09-07 22:15:26,981: INFO: common: yaml file: params.yaml loaded successfully]
[2025-09-07 22:15:26,982: INFO: common: created directory at: artifacts]
[2025-09-07 22:15:26,982: INFO: common: created directory at: artifacts/prepare_base_model]
[2025-09-07 22:15:27,649: INFO: common: yaml file: config/config.yaml loaded successfully]
[2025-09-07 22:15:27,652: INFO: common: yaml file: params.yaml loaded successfully]
[2025-09-07 22:15:27,653: INFO: common: created directory at: artifacts]
[2025-09-07 22:15:27,654: INFO: common: created directory at: artifacts/prepare_base_model]
[2025-09-07 22:16:39,347: INFO: common: yaml file: config/config.yaml loaded successfully]
[2025-09-07 22:16:39,348: INFO: common: yaml file: params.yaml loaded successfully]
[2025-09-07 22:16:39,349: INFO: common: created directory at: artifacts]
[2025-09-07 22:16:39,349: INFO: common: created directory at: artifacts/prepare_base_model]
[2025-09-07 22:19:05,111: INFO: common: yaml file: config/config.yaml loaded successfully]
[2025-09-07 22:19:05,112: INFO: common: yaml file: params.yaml loaded successfully]
[2025-09-07 22:19:05,113: INFO: common: created directory at: artifacts]
[2025-09-07 22:19:05,114: INFO: common: created directory at: artifacts/prepare_base_model]
[2025-09-07 22:28:24,044: INFO: utils: NumExpr defaulting to 8 threads.]
[2025-09-07 22:28:45,207: INFO: common: yaml file: config/config.yaml loaded successfully]
[2025-09-07 22:28:45,209: INFO: common: yaml file: params.yaml loaded successfully]
[2025-09-07 22:28:45,210: INFO: common: created directory at: artifacts]
[2025-09-07 22:28:45,211: INFO: common: created directory at: artifacts/prepare_callbacks/checkpoint_dir]
[2025-09-07 22:28:45,212: INFO: common: created directory at: artifacts/prepare_callbacks/tensorboard_log_dir]
[2025-09-07 22:37:31,208: INFO: utils: NumExpr defaulting to 8 threads.]
[2025-09-07 22:37:50,347: INFO: common: yaml file: config/config.yaml loaded successfully]
[2025-09-07 22:37:50,348: INFO: common: yaml file: params.yaml loaded successfully]
[2025-09-07 22:37:50,349: INFO: common: created directory at: artifacts]
[2025-09-07 22:37:50,349: INFO: common: created directory at: artifacts/prepare_callbacks/checkpoint_dir]
[2025-09-07 22:37:50,350: INFO: common: created directory at: artifacts/prepare_callbacks/tensorboard_log_dir]
[2025-09-07 22:37:50,351: INFO: common: created directory at: artifacts/training]
[2025-09-07 22:39:05,253: INFO: common: yaml file: config/config.yaml loaded successfully]
[2025-09-07 22:39:05,255: INFO: common: yaml file: params.yaml loaded successfully]
[2025-09-07 22:39:05,256: INFO: common: created directory at: artifacts]
[2025-09-08 07:55:53,922: INFO: utils: NumExpr defaulting to 8 threads.]
[2025-09-08 07:56:12,597: INFO: common: yaml file: config/config.yaml loaded successfully]
[2025-09-08 07:56:12,599: INFO: common: yaml file: params.yaml loaded successfully]
[2025-09-08 07:56:12,600: INFO: common: created directory at: artifacts]
[2025-09-08 07:56:12,601: INFO: common: created directory at: artifacts/prepare_base_model]
[2025-09-08 07:56:15,751: WARNING: saving_api: You are saving your model as an HDF5 file via `model.save()` or `keras.saving.save_model(model)`. This file format is considered legacy. We recommend using instead the native Keras format, e.g. `model.save('my_model.keras')` or `keras.saving.save_model(model, 'my_model.keras')`. ]
[2025-09-08 07:56:15,807: WARNING: saving_api: You are saving your model as an HDF5 file via `model.save()` or `keras.saving.save_model(model)`. This file format is considered legacy. We recommend using instead the native Keras format, e.g. `model.save('my_model.keras')` or `keras.saving.save_model(model, 'my_model.keras')`. ]
[2025-09-08 07:57:10,779: INFO: utils: NumExpr defaulting to 8 threads.]
[2025-09-08 07:57:20,162: INFO: common: yaml file: config/config.yaml loaded successfully]
[2025-09-08 07:57:20,163: INFO: common: yaml file: params.yaml loaded successfully]
[2025-09-08 07:57:20,164: INFO: common: created directory at: artifacts]
[2025-09-08 07:57:20,164: INFO: common: created directory at: artifacts/prepare_callbacks/checkpoint_dir]
[2025-09-08 07:57:20,165: INFO: common: created directory at: artifacts/prepare_callbacks/tensorboard_log_dir]
[2025-09-08 07:57:49,795: INFO: utils: NumExpr defaulting to 8 threads.]
[2025-09-08 07:58:10,135: INFO: common: yaml file: config/config.yaml loaded successfully]
[2025-09-08 07:58:10,138: INFO: common: yaml file: params.yaml loaded successfully]
[2025-09-08 07:58:10,138: INFO: common: created directory at: artifacts]
[2025-09-08 07:58:10,139: INFO: common: created directory at: artifacts/prepare_callbacks/checkpoint_dir]
[2025-09-08 07:58:10,140: INFO: common: created directory at: artifacts/prepare_callbacks/tensorboard_log_dir]
[2025-09-08 07:58:10,141: INFO: common: created directory at: artifacts/training]
[2025-09-08 07:58:10,258: WARNING: saving_utils: Compiled the loaded model, but the compiled metrics have yet to be built. `model.compile_metrics` will be empty until you train or evaluate the model.]
[2025-09-08 08:15:50,960: INFO: stage_01_data_ingestion: >>>>>> stage Data Ingestion stage started <<<<<<]
[2025-09-08 08:15:50,961: INFO: common: yaml file: config/config.yaml loaded successfully]
[2025-09-08 08:15:50,961: INFO: common: yaml file: params.yaml loaded successfully]
[2025-09-08 08:15:50,961: INFO: common: created directory at: artifacts]
[2025-09-08 08:15:50,962: INFO: common: created directory at: artifacts/data_ingestion]
[2025-09-08 08:15:50,962: ERROR: stage_01_data_ingestion: DataIngestionConfig.__init__() got an unexpected keyword argument 'config']
Traceback (most recent call last):
  File "/Users/revanthkumargonuguntla/Chicken-Disease-Classification/src/cnnclassifier/pipeline/stage_01_data_ingestion.py", line 26, in <module>
    obj.main()
  File "/Users/revanthkumargonuguntla/Chicken-Disease-Classification/src/cnnclassifier/pipeline/stage_01_data_ingestion.py", line 15, in main
    data_ingestion = DataIngestionConfig(config=data_ingestion_config)
                     ^^^^^^^^^^^^^^^^^^^^^^^^^^^^^^^^^^^^^^^^^^^^^^^^^
TypeError: DataIngestionConfig.__init__() got an unexpected keyword argument 'config'
[2025-09-08 08:16:25,095: INFO: stage_01_data_ingestion: >>>>>> stage Data Ingestion stage started <<<<<<]
[2025-09-08 08:16:25,096: INFO: common: yaml file: config/config.yaml loaded successfully]
[2025-09-08 08:16:25,097: INFO: common: yaml file: params.yaml loaded successfully]
[2025-09-08 08:16:25,097: INFO: common: created directory at: artifacts]
[2025-09-08 08:16:25,097: INFO: common: created directory at: artifacts/data_ingestion]
[2025-09-08 08:16:25,097: INFO: data_ingestion: File already exists of size: ~ 11345 KB]
[2025-09-08 08:16:25,191: INFO: stage_01_data_ingestion: >>>>>> stage Data Ingestion stage completed <<<<<<

x==========x]
[2025-09-08 08:17:28,368: INFO: utils: NumExpr defaulting to 8 threads.]
[2025-09-08 08:17:38,179: INFO: common: yaml file: config/config.yaml loaded successfully]
[2025-09-08 08:17:38,182: INFO: common: yaml file: params.yaml loaded successfully]
[2025-09-08 08:17:38,184: INFO: common: created directory at: artifacts]
[2025-09-08 08:17:38,185: INFO: common: created directory at: artifacts/prepare_callbacks/checkpoint_dir]
[2025-09-08 08:17:38,185: INFO: common: created directory at: artifacts/prepare_callbacks/tensorboard_log_dir]
[2025-09-08 08:17:38,186: INFO: common: created directory at: artifacts/training]
[2025-09-08 08:17:38,270: WARNING: saving_utils: Compiled the loaded model, but the compiled metrics have yet to be built. `model.compile_metrics` will be empty until you train or evaluate the model.]
[2025-09-08 08:18:21,183: INFO: common: yaml file: config/config.yaml loaded successfully]
[2025-09-08 08:18:21,185: INFO: common: yaml file: params.yaml loaded successfully]
[2025-09-08 08:18:21,186: INFO: common: created directory at: artifacts]
[2025-09-08 08:18:21,187: INFO: common: created directory at: artifacts/data_ingestion]
[2025-09-08 08:18:21,188: INFO: 4037744573: File already exists of size: ~ 11345 KB]
[2025-09-08 08:37:18,322: INFO: common: yaml file: config/config.yaml loaded successfully]
[2025-09-08 08:37:18,325: INFO: common: yaml file: params.yaml loaded successfully]
[2025-09-08 08:37:18,327: INFO: common: created directory at: artifacts]
[2025-09-08 08:37:18,328: INFO: common: created directory at: artifacts/data_ingestion]
[2025-09-08 08:37:18,329: INFO: 4037744573: File already exists of size: ~ 11345 KB]
